<?xml version="1.0" encoding="UTF-8"?>
<robot generator="Robot 6.1.1 (Python 3.12.0 on win32)" generated="20240910 16:57:52.219" rpa="false" schemaversion="4">
<suite id="s1" name="Put" source="C:\Users\a892326\OneDrive - EDITORA E DISTRIBUIDORA EDUCACIONAL S A\Documentos\QA Coders\dojo-robot\put.robot">
<test id="s1-t1" name="Mudar status de usuario para false" line="13">
<kw name="Put Status False">
<kw name="Pegar Token">
<var>${token}</var>
<kw name="Create Dictionary" library="BuiltIn">
<var>${body}</var>
<arg>mail=sysadmin@qacoders.com</arg>
<arg>password=1234@Test</arg>
<doc>Creates and returns a dictionary based on the given ``items``.</doc>
<msg timestamp="20240910 16:57:52.382" level="INFO">${body} = {'mail': 'sysadmin@qacoders.com', 'password': '1234@Test'}</msg>
<status status="PASS" starttime="20240910 16:57:52.381" endtime="20240910 16:57:52.382"/>
</kw>
<kw name="Criar Sessao">
<kw name="Create Dictionary" library="BuiltIn">
<var>${headers}</var>
<arg>accept=application/json</arg>
<arg>Content-Type=application/json</arg>
<doc>Creates and returns a dictionary based on the given ``items``.</doc>
<msg timestamp="20240910 16:57:52.385" level="INFO">${headers} = {'accept': 'application/json', 'Content-Type': 'application/json'}</msg>
<status status="PASS" starttime="20240910 16:57:52.383" endtime="20240910 16:57:52.386"/>
</kw>
<kw name="Create Session" library="RequestsLibrary">
<arg>alias=develop</arg>
<arg>url=${baseUrl}</arg>
<arg>headers=${headers}</arg>
<arg>verify=true</arg>
<doc>Create Session: create a HTTP session to a server</doc>
<msg timestamp="20240910 16:57:52.386" level="INFO">Creating Session using : alias=develop, url=https://the-mentalists.qacoders-academy.com.br/api/, headers={'accept': 'application/json', 'Content-Type': 'application/json'},                     cookies={}, auth=None, timeout=None, proxies=None, verify=True,                     debug=0 </msg>
<status status="PASS" starttime="20240910 16:57:52.386" endtime="20240910 16:57:52.387"/>
</kw>
<status status="PASS" starttime="20240910 16:57:52.382" endtime="20240910 16:57:52.387"/>
</kw>
<kw name="POST On Session" library="RequestsLibrary">
<var>${resposta}</var>
<arg>alias=develop</arg>
<arg>url=/login</arg>
<arg>json=${body}</arg>
<doc>Sends a POST request on a previously created HTTP Session.</doc>
<msg timestamp="20240910 16:57:53.093" level="INFO">POST Request : url=https://the-mentalists.qacoders-academy.com.br/api/login 
 path_url=/api/login 
 headers={'User-Agent': 'python-requests/2.31.0', 'Accept-Encoding': 'gzip, deflate', 'accept': 'application/json', 'Connection': 'keep-alive', 'Content-Type': 'application/json', 'Content-Length': '58'} 
 body=b'{"mail": "sysadmin@qacoders.com", "password": "1234@Test"}' 
 </msg>
<msg timestamp="20240910 16:57:53.093" level="INFO">POST Response : url=https://the-mentalists.qacoders-academy.com.br/api/login 
 status=200, reason=OK 
 headers={'Server': 'nginx/1.18.0 (Ubuntu)', 'Date': 'Tue, 10 Sep 2024 19:59:07 GMT', 'Content-Type': 'application/json; charset=utf-8', 'Transfer-Encoding': 'chunked', 'Connection': 'keep-alive', 'X-Powered-By': 'Express', 'Access-Control-Allow-Origin': '*', 'Access-Control-Allow-Methods': 'GET, POST, OPTIONS, PUT, PATCH, DELETE', 'Access-Control-Allow-Headers': 'Origin, X-Requested-With, Content-Type, Accept, Authorization', 'ETag': 'W/"534-6BvgH7XIu/D4NCkUO7+rlz3vlrQ"', 'Content-Encoding': 'gzip'} 
 body={"msg":"Olá Qa-Coders-SYSADMIN, autenticação autorizada com sucesso!","user":{"_id":"653310f323caa74ea4c6a701","fullName":"Qa-Coders-SYSADMIN","mail":"sysadmin@qacoders.com","password":"$2b$10$FcGyn1Daac3TWuDkrk3c4OpWT.AqqtZErNPBddI9Zxd9zNCGOTcmq","accessProfile":"SYSADMIN","cpf":"11111111111","status":true,"audit":[{"registeredBy":{"userId":"111111111111111111","userLogin":"sysadmin@qacoders.com"},"registrationDate":"sexta-feira, 20/10/2023, 20:44:51 BRT","registrationNumber":"01","companyId":"Qa.Coders","_id":"653310f323caa74ea4c6a702"}],"__v":0},"token":"eyJhbGciOiJIUzI1NiIsInR5cCI6IkpXVCJ9.eyJfaWQiOiI2NTMzMTBmMzIzY2FhNzRlYTRjNmE3MDEiLCJmdWxsTmFtZSI6IlFhLUNvZGVycy1TWVNBRE1JTiIsIm1haWwiOiJzeXNhZG1pbkBxYWNvZGVycy5jb20iLCJwYXNzd29yZCI6IiQyYiQxMCRGY0d5bjFEYWFjM1RXdURrcmszYzRPcFdULkFxcXRaRXJOUEJkZEk5WnhkOXpOQ0dPVGNtcSIsImFjY2Vzc1Byb2ZpbGUiOiJTWVNBRE1JTiIsImNwZiI6IjExMTExMTExMTExIiwic3RhdHVzIjp0cnVlLCJhdWRpdCI6W3sicmVnaXN0ZXJlZEJ5Ijp7InVzZXJJZCI6IjExMTExMTExMTExMTExMTExMSIsInVzZXJMb2dpbiI6InN5c2FkbWluQHFhY29kZXJzLmNvbSJ9LCJyZWdpc3RyYXRpb25EYXRlIjoic2V4dGEtZmVpcmEsIDIwLzEwLzIwMjMsIDIwOjQ0OjUxIEJSVCIsInJlZ2lzdHJhdGlvbk51bWJlciI6IjAxIiwiY29tcGFueUlkIjoiUWEuQ29kZXJzIiwiX2lkIjoiNjUzMzEwZjMyM2NhYTc0ZWE0YzZhNzAyIn1dLCJfX3YiOjAsImlhdCI6MTcyNTk5ODM0NywiZXhwIjoxNzI2MDg0NzQ3fQ.QWDUZjOm7qVSRmKZbJ3mrTBcJWqTW9sxQFkTonCaCVs"} 
 </msg>
<msg timestamp="20240910 16:57:53.093" level="INFO">${resposta} = &lt;Response [200]&gt;</msg>
<status status="PASS" starttime="20240910 16:57:52.387" endtime="20240910 16:57:53.093"/>
</kw>
<kw name="Status Should Be" library="RequestsLibrary">
<arg>200</arg>
<arg>${resposta}</arg>
<doc>Fails if response status code is different than the expected.</doc>
<status status="PASS" starttime="20240910 16:57:53.093" endtime="20240910 16:57:53.093"/>
</kw>
<return>
<value>${resposta.json()["token"]}</value>
<status status="PASS" starttime="20240910 16:57:53.093" endtime="20240910 16:57:53.093"/>
</return>
<msg timestamp="20240910 16:57:53.094" level="INFO">${token} = eyJhbGciOiJIUzI1NiIsInR5cCI6IkpXVCJ9.eyJfaWQiOiI2NTMzMTBmMzIzY2FhNzRlYTRjNmE3MDEiLCJmdWxsTmFtZSI6IlFhLUNvZGVycy1TWVNBRE1JTiIsIm1haWwiOiJzeXNhZG1pbkBxYWNvZGVycy5jb20iLCJwYXNzd29yZCI6IiQyYiQxMCRGY0d5bjF...</msg>
<status status="PASS" starttime="20240910 16:57:52.381" endtime="20240910 16:57:53.094"/>
</kw>
<kw name="Create Dictionary" library="BuiltIn">
<var>${body}</var>
<arg>status=false</arg>
<doc>Creates and returns a dictionary based on the given ``items``.</doc>
<msg timestamp="20240910 16:57:53.094" level="INFO">${body} = {'status': 'false'}</msg>
<status status="PASS" starttime="20240910 16:57:53.094" endtime="20240910 16:57:53.094"/>
</kw>
<kw name="PUT On Session" library="RequestsLibrary">
<arg>alias=develop</arg>
<arg>url=/user/status/${id_user}?token=${token}</arg>
<arg>json=${body}</arg>
<doc>Sends a PUT request on a previously created HTTP Session.</doc>
<msg timestamp="20240910 16:57:53.174" level="INFO">PUT Request : url=https://the-mentalists.qacoders-academy.com.br/api/user/status/65f5cb40bfc21aa670ec2a69?token=eyJhbGciOiJIUzI1NiIsInR5cCI6IkpXVCJ9.eyJfaWQiOiI2NTMzMTBmMzIzY2FhNzRlYTRjNmE3MDEiLCJmdWxsTmFtZSI6IlFhLUNvZGVycy1TWVNBRE1JTiIsIm1haWwiOiJzeXNhZG1pbkBxYWNvZGVycy5jb20iLCJwYXNzd29yZCI6IiQyYiQxMCRGY0d5bjFEYWFjM1RXdURrcmszYzRPcFdULkFxcXRaRXJOUEJkZEk5WnhkOXpOQ0dPVGNtcSIsImFjY2Vzc1Byb2ZpbGUiOiJTWVNBRE1JTiIsImNwZiI6IjExMTExMTExMTExIiwic3RhdHVzIjp0cnVlLCJhdWRpdCI6W3sicmVnaXN0ZXJlZEJ5Ijp7InVzZXJJZCI6IjExMTExMTExMTExMTExMTExMSIsInVzZXJMb2dpbiI6InN5c2FkbWluQHFhY29kZXJzLmNvbSJ9LCJyZWdpc3RyYXRpb25EYXRlIjoic2V4dGEtZmVpcmEsIDIwLzEwLzIwMjMsIDIwOjQ0OjUxIEJSVCIsInJlZ2lzdHJhdGlvbk51bWJlciI6IjAxIiwiY29tcGFueUlkIjoiUWEuQ29kZXJzIiwiX2lkIjoiNjUzMzEwZjMyM2NhYTc0ZWE0YzZhNzAyIn1dLCJfX3YiOjAsImlhdCI6MTcyNTk5ODM0NywiZXhwIjoxNzI2MDg0NzQ3fQ.QWDUZjOm7qVSRmKZbJ3mrTBcJWqTW9sxQFkTonCaCVs 
 path_url=/api/user/status/65f5cb40bfc21aa670ec2a69?token=eyJhbGciOiJIUzI1NiIsInR5cCI6IkpXVCJ9.eyJfaWQiOiI2NTMzMTBmMzIzY2FhNzRlYTRjNmE3MDEiLCJmdWxsTmFtZSI6IlFhLUNvZGVycy1TWVNBRE1JTiIsIm1haWwiOiJzeXNhZG1pbkBxYWNvZGVycy5jb20iLCJwYXNzd29yZCI6IiQyYiQxMCRGY0d5bjFEYWFjM1RXdURrcmszYzRPcFdULkFxcXRaRXJOUEJkZEk5WnhkOXpOQ0dPVGNtcSIsImFjY2Vzc1Byb2ZpbGUiOiJTWVNBRE1JTiIsImNwZiI6IjExMTExMTExMTExIiwic3RhdHVzIjp0cnVlLCJhdWRpdCI6W3sicmVnaXN0ZXJlZEJ5Ijp7InVzZXJJZCI6IjExMTExMTExMTExMTExMTExMSIsInVzZXJMb2dpbiI6InN5c2FkbWluQHFhY29kZXJzLmNvbSJ9LCJyZWdpc3RyYXRpb25EYXRlIjoic2V4dGEtZmVpcmEsIDIwLzEwLzIwMjMsIDIwOjQ0OjUxIEJSVCIsInJlZ2lzdHJhdGlvbk51bWJlciI6IjAxIiwiY29tcGFueUlkIjoiUWEuQ29kZXJzIiwiX2lkIjoiNjUzMzEwZjMyM2NhYTc0ZWE0YzZhNzAyIn1dLCJfX3YiOjAsImlhdCI6MTcyNTk5ODM0NywiZXhwIjoxNzI2MDg0NzQ3fQ.QWDUZjOm7qVSRmKZbJ3mrTBcJWqTW9sxQFkTonCaCVs 
 headers={'User-Agent': 'python-requests/2.31.0', 'Accept-Encoding': 'gzip, deflate', 'accept': 'application/json', 'Connection': 'keep-alive', 'Content-Type': 'application/json', 'Content-Length': '19'} 
 body=b'{"status": "false"}' 
 </msg>
<msg timestamp="20240910 16:57:53.174" level="INFO">PUT Response : url=https://the-mentalists.qacoders-academy.com.br/api/user/status/65f5cb40bfc21aa670ec2a69?token=eyJhbGciOiJIUzI1NiIsInR5cCI6IkpXVCJ9.eyJfaWQiOiI2NTMzMTBmMzIzY2FhNzRlYTRjNmE3MDEiLCJmdWxsTmFtZSI6IlFhLUNvZGVycy1TWVNBRE1JTiIsIm1haWwiOiJzeXNhZG1pbkBxYWNvZGVycy5jb20iLCJwYXNzd29yZCI6IiQyYiQxMCRGY0d5bjFEYWFjM1RXdURrcmszYzRPcFdULkFxcXRaRXJOUEJkZEk5WnhkOXpOQ0dPVGNtcSIsImFjY2Vzc1Byb2ZpbGUiOiJTWVNBRE1JTiIsImNwZiI6IjExMTExMTExMTExIiwic3RhdHVzIjp0cnVlLCJhdWRpdCI6W3sicmVnaXN0ZXJlZEJ5Ijp7InVzZXJJZCI6IjExMTExMTExMTExMTExMTExMSIsInVzZXJMb2dpbiI6InN5c2FkbWluQHFhY29kZXJzLmNvbSJ9LCJyZWdpc3RyYXRpb25EYXRlIjoic2V4dGEtZmVpcmEsIDIwLzEwLzIwMjMsIDIwOjQ0OjUxIEJSVCIsInJlZ2lzdHJhdGlvbk51bWJlciI6IjAxIiwiY29tcGFueUlkIjoiUWEuQ29kZXJzIiwiX2lkIjoiNjUzMzEwZjMyM2NhYTc0ZWE0YzZhNzAyIn1dLCJfX3YiOjAsImlhdCI6MTcyNTk5ODM0NywiZXhwIjoxNzI2MDg0NzQ3fQ.QWDUZjOm7qVSRmKZbJ3mrTBcJWqTW9sxQFkTonCaCVs 
 status=200, reason=OK 
 headers={'Server': 'nginx/1.18.0 (Ubuntu)', 'Date': 'Tue, 10 Sep 2024 19:59:07 GMT', 'Content-Type': 'application/json; charset=utf-8', 'Transfer-Encoding': 'chunked', 'Connection': 'keep-alive', 'X-Powered-By': 'Express', 'Access-Control-Allow-Origin': '*', 'Access-Control-Allow-Methods': 'GET, POST, OPTIONS, PUT, PATCH, DELETE', 'Access-Control-Allow-Headers': 'Origin, X-Requested-With, Content-Type, Accept, Authorization', 'ETag': 'W/"45-u5g3Ijsg0HfBjKZlewjvrjCsB2A"', 'Content-Encoding': 'gzip'} 
 body={"msg":"Status do usuario atualizado com sucesso para status false."} 
 </msg>
<status status="PASS" starttime="20240910 16:57:53.094" endtime="20240910 16:57:53.174"/>
</kw>
<status status="PASS" starttime="20240910 16:57:52.381" endtime="20240910 16:57:53.174"/>
</kw>
<status status="PASS" starttime="20240910 16:57:52.379" endtime="20240910 16:57:53.175"/>
</test>
<test id="s1-t2" name="Mudar status de usuario para true" line="15">
<kw name="Put Status True">
<kw name="Pegar Token">
<var>${token}</var>
<kw name="Create Dictionary" library="BuiltIn">
<var>${body}</var>
<arg>mail=sysadmin@qacoders.com</arg>
<arg>password=1234@Test</arg>
<doc>Creates and returns a dictionary based on the given ``items``.</doc>
<msg timestamp="20240910 16:57:53.178" level="INFO">${body} = {'mail': 'sysadmin@qacoders.com', 'password': '1234@Test'}</msg>
<status status="PASS" starttime="20240910 16:57:53.178" endtime="20240910 16:57:53.178"/>
</kw>
<kw name="Criar Sessao">
<kw name="Create Dictionary" library="BuiltIn">
<var>${headers}</var>
<arg>accept=application/json</arg>
<arg>Content-Type=application/json</arg>
<doc>Creates and returns a dictionary based on the given ``items``.</doc>
<msg timestamp="20240910 16:57:53.179" level="INFO">${headers} = {'accept': 'application/json', 'Content-Type': 'application/json'}</msg>
<status status="PASS" starttime="20240910 16:57:53.179" endtime="20240910 16:57:53.179"/>
</kw>
<kw name="Create Session" library="RequestsLibrary">
<arg>alias=develop</arg>
<arg>url=${baseUrl}</arg>
<arg>headers=${headers}</arg>
<arg>verify=true</arg>
<doc>Create Session: create a HTTP session to a server</doc>
<msg timestamp="20240910 16:57:53.179" level="INFO">Creating Session using : alias=develop, url=https://the-mentalists.qacoders-academy.com.br/api/, headers={'accept': 'application/json', 'Content-Type': 'application/json'},                     cookies={}, auth=None, timeout=None, proxies=None, verify=True,                     debug=0 </msg>
<status status="PASS" starttime="20240910 16:57:53.179" endtime="20240910 16:57:53.180"/>
</kw>
<status status="PASS" starttime="20240910 16:57:53.178" endtime="20240910 16:57:53.180"/>
</kw>
<kw name="POST On Session" library="RequestsLibrary">
<var>${resposta}</var>
<arg>alias=develop</arg>
<arg>url=/login</arg>
<arg>json=${body}</arg>
<doc>Sends a POST request on a previously created HTTP Session.</doc>
<msg timestamp="20240910 16:57:53.890" level="INFO">POST Request : url=https://the-mentalists.qacoders-academy.com.br/api/login 
 path_url=/api/login 
 headers={'User-Agent': 'python-requests/2.31.0', 'Accept-Encoding': 'gzip, deflate', 'accept': 'application/json', 'Connection': 'keep-alive', 'Content-Type': 'application/json', 'Content-Length': '58'} 
 body=b'{"mail": "sysadmin@qacoders.com", "password": "1234@Test"}' 
 </msg>
<msg timestamp="20240910 16:57:53.890" level="INFO">POST Response : url=https://the-mentalists.qacoders-academy.com.br/api/login 
 status=200, reason=OK 
 headers={'Server': 'nginx/1.18.0 (Ubuntu)', 'Date': 'Tue, 10 Sep 2024 19:59:08 GMT', 'Content-Type': 'application/json; charset=utf-8', 'Transfer-Encoding': 'chunked', 'Connection': 'keep-alive', 'X-Powered-By': 'Express', 'Access-Control-Allow-Origin': '*', 'Access-Control-Allow-Methods': 'GET, POST, OPTIONS, PUT, PATCH, DELETE', 'Access-Control-Allow-Headers': 'Origin, X-Requested-With, Content-Type, Accept, Authorization', 'ETag': 'W/"534-1f9x3aV/QzmKuuC2b2Ae3mUU9yY"', 'Content-Encoding': 'gzip'} 
 body={"msg":"Olá Qa-Coders-SYSADMIN, autenticação autorizada com sucesso!","user":{"_id":"653310f323caa74ea4c6a701","fullName":"Qa-Coders-SYSADMIN","mail":"sysadmin@qacoders.com","password":"$2b$10$FcGyn1Daac3TWuDkrk3c4OpWT.AqqtZErNPBddI9Zxd9zNCGOTcmq","accessProfile":"SYSADMIN","cpf":"11111111111","status":true,"audit":[{"registeredBy":{"userId":"111111111111111111","userLogin":"sysadmin@qacoders.com"},"registrationDate":"sexta-feira, 20/10/2023, 20:44:51 BRT","registrationNumber":"01","companyId":"Qa.Coders","_id":"653310f323caa74ea4c6a702"}],"__v":0},"token":"eyJhbGciOiJIUzI1NiIsInR5cCI6IkpXVCJ9.eyJfaWQiOiI2NTMzMTBmMzIzY2FhNzRlYTRjNmE3MDEiLCJmdWxsTmFtZSI6IlFhLUNvZGVycy1TWVNBRE1JTiIsIm1haWwiOiJzeXNhZG1pbkBxYWNvZGVycy5jb20iLCJwYXNzd29yZCI6IiQyYiQxMCRGY0d5bjFEYWFjM1RXdURrcmszYzRPcFdULkFxcXRaRXJOUEJkZEk5WnhkOXpOQ0dPVGNtcSIsImFjY2Vzc1Byb2ZpbGUiOiJTWVNBRE1JTiIsImNwZiI6IjExMTExMTExMTExIiwic3RhdHVzIjp0cnVlLCJhdWRpdCI6W3sicmVnaXN0ZXJlZEJ5Ijp7InVzZXJJZCI6IjExMTExMTExMTExMTExMTExMSIsInVzZXJMb2dpbiI6InN5c2FkbWluQHFhY29kZXJzLmNvbSJ9LCJyZWdpc3RyYXRpb25EYXRlIjoic2V4dGEtZmVpcmEsIDIwLzEwLzIwMjMsIDIwOjQ0OjUxIEJSVCIsInJlZ2lzdHJhdGlvbk51bWJlciI6IjAxIiwiY29tcGFueUlkIjoiUWEuQ29kZXJzIiwiX2lkIjoiNjUzMzEwZjMyM2NhYTc0ZWE0YzZhNzAyIn1dLCJfX3YiOjAsImlhdCI6MTcyNTk5ODM0OCwiZXhwIjoxNzI2MDg0NzQ4fQ.KVkIdNdt2VOs8kwkH9AVZXq-TvJyHXf0Bdk5AUapa_Y"} 
 </msg>
<msg timestamp="20240910 16:57:53.891" level="INFO">${resposta} = &lt;Response [200]&gt;</msg>
<status status="PASS" starttime="20240910 16:57:53.180" endtime="20240910 16:57:53.891"/>
</kw>
<kw name="Status Should Be" library="RequestsLibrary">
<arg>200</arg>
<arg>${resposta}</arg>
<doc>Fails if response status code is different than the expected.</doc>
<status status="PASS" starttime="20240910 16:57:53.891" endtime="20240910 16:57:53.892"/>
</kw>
<return>
<value>${resposta.json()["token"]}</value>
<status status="PASS" starttime="20240910 16:57:53.892" endtime="20240910 16:57:53.892"/>
</return>
<msg timestamp="20240910 16:57:53.893" level="INFO">${token} = eyJhbGciOiJIUzI1NiIsInR5cCI6IkpXVCJ9.eyJfaWQiOiI2NTMzMTBmMzIzY2FhNzRlYTRjNmE3MDEiLCJmdWxsTmFtZSI6IlFhLUNvZGVycy1TWVNBRE1JTiIsIm1haWwiOiJzeXNhZG1pbkBxYWNvZGVycy5jb20iLCJwYXNzd29yZCI6IiQyYiQxMCRGY0d5bjF...</msg>
<status status="PASS" starttime="20240910 16:57:53.178" endtime="20240910 16:57:53.893"/>
</kw>
<kw name="Create Dictionary" library="BuiltIn">
<var>${body}</var>
<arg>status=true</arg>
<doc>Creates and returns a dictionary based on the given ``items``.</doc>
<msg timestamp="20240910 16:57:53.894" level="INFO">${body} = {'status': 'true'}</msg>
<status status="PASS" starttime="20240910 16:57:53.893" endtime="20240910 16:57:53.894"/>
</kw>
<kw name="PUT On Session" library="RequestsLibrary">
<arg>alias=develop</arg>
<arg>url=/user/status/${id_user}?token=${token}</arg>
<arg>json=${body}</arg>
<doc>Sends a PUT request on a previously created HTTP Session.</doc>
<msg timestamp="20240910 16:57:53.992" level="INFO">PUT Request : url=https://the-mentalists.qacoders-academy.com.br/api/user/status/65f5cb40bfc21aa670ec2a69?token=eyJhbGciOiJIUzI1NiIsInR5cCI6IkpXVCJ9.eyJfaWQiOiI2NTMzMTBmMzIzY2FhNzRlYTRjNmE3MDEiLCJmdWxsTmFtZSI6IlFhLUNvZGVycy1TWVNBRE1JTiIsIm1haWwiOiJzeXNhZG1pbkBxYWNvZGVycy5jb20iLCJwYXNzd29yZCI6IiQyYiQxMCRGY0d5bjFEYWFjM1RXdURrcmszYzRPcFdULkFxcXRaRXJOUEJkZEk5WnhkOXpOQ0dPVGNtcSIsImFjY2Vzc1Byb2ZpbGUiOiJTWVNBRE1JTiIsImNwZiI6IjExMTExMTExMTExIiwic3RhdHVzIjp0cnVlLCJhdWRpdCI6W3sicmVnaXN0ZXJlZEJ5Ijp7InVzZXJJZCI6IjExMTExMTExMTExMTExMTExMSIsInVzZXJMb2dpbiI6InN5c2FkbWluQHFhY29kZXJzLmNvbSJ9LCJyZWdpc3RyYXRpb25EYXRlIjoic2V4dGEtZmVpcmEsIDIwLzEwLzIwMjMsIDIwOjQ0OjUxIEJSVCIsInJlZ2lzdHJhdGlvbk51bWJlciI6IjAxIiwiY29tcGFueUlkIjoiUWEuQ29kZXJzIiwiX2lkIjoiNjUzMzEwZjMyM2NhYTc0ZWE0YzZhNzAyIn1dLCJfX3YiOjAsImlhdCI6MTcyNTk5ODM0OCwiZXhwIjoxNzI2MDg0NzQ4fQ.KVkIdNdt2VOs8kwkH9AVZXq-TvJyHXf0Bdk5AUapa_Y 
 path_url=/api/user/status/65f5cb40bfc21aa670ec2a69?token=eyJhbGciOiJIUzI1NiIsInR5cCI6IkpXVCJ9.eyJfaWQiOiI2NTMzMTBmMzIzY2FhNzRlYTRjNmE3MDEiLCJmdWxsTmFtZSI6IlFhLUNvZGVycy1TWVNBRE1JTiIsIm1haWwiOiJzeXNhZG1pbkBxYWNvZGVycy5jb20iLCJwYXNzd29yZCI6IiQyYiQxMCRGY0d5bjFEYWFjM1RXdURrcmszYzRPcFdULkFxcXRaRXJOUEJkZEk5WnhkOXpOQ0dPVGNtcSIsImFjY2Vzc1Byb2ZpbGUiOiJTWVNBRE1JTiIsImNwZiI6IjExMTExMTExMTExIiwic3RhdHVzIjp0cnVlLCJhdWRpdCI6W3sicmVnaXN0ZXJlZEJ5Ijp7InVzZXJJZCI6IjExMTExMTExMTExMTExMTExMSIsInVzZXJMb2dpbiI6InN5c2FkbWluQHFhY29kZXJzLmNvbSJ9LCJyZWdpc3RyYXRpb25EYXRlIjoic2V4dGEtZmVpcmEsIDIwLzEwLzIwMjMsIDIwOjQ0OjUxIEJSVCIsInJlZ2lzdHJhdGlvbk51bWJlciI6IjAxIiwiY29tcGFueUlkIjoiUWEuQ29kZXJzIiwiX2lkIjoiNjUzMzEwZjMyM2NhYTc0ZWE0YzZhNzAyIn1dLCJfX3YiOjAsImlhdCI6MTcyNTk5ODM0OCwiZXhwIjoxNzI2MDg0NzQ4fQ.KVkIdNdt2VOs8kwkH9AVZXq-TvJyHXf0Bdk5AUapa_Y 
 headers={'User-Agent': 'python-requests/2.31.0', 'Accept-Encoding': 'gzip, deflate', 'accept': 'application/json', 'Connection': 'keep-alive', 'Content-Type': 'application/json', 'Content-Length': '18'} 
 body=b'{"status": "true"}' 
 </msg>
<msg timestamp="20240910 16:57:53.992" level="INFO">PUT Response : url=https://the-mentalists.qacoders-academy.com.br/api/user/status/65f5cb40bfc21aa670ec2a69?token=eyJhbGciOiJIUzI1NiIsInR5cCI6IkpXVCJ9.eyJfaWQiOiI2NTMzMTBmMzIzY2FhNzRlYTRjNmE3MDEiLCJmdWxsTmFtZSI6IlFhLUNvZGVycy1TWVNBRE1JTiIsIm1haWwiOiJzeXNhZG1pbkBxYWNvZGVycy5jb20iLCJwYXNzd29yZCI6IiQyYiQxMCRGY0d5bjFEYWFjM1RXdURrcmszYzRPcFdULkFxcXRaRXJOUEJkZEk5WnhkOXpOQ0dPVGNtcSIsImFjY2Vzc1Byb2ZpbGUiOiJTWVNBRE1JTiIsImNwZiI6IjExMTExMTExMTExIiwic3RhdHVzIjp0cnVlLCJhdWRpdCI6W3sicmVnaXN0ZXJlZEJ5Ijp7InVzZXJJZCI6IjExMTExMTExMTExMTExMTExMSIsInVzZXJMb2dpbiI6InN5c2FkbWluQHFhY29kZXJzLmNvbSJ9LCJyZWdpc3RyYXRpb25EYXRlIjoic2V4dGEtZmVpcmEsIDIwLzEwLzIwMjMsIDIwOjQ0OjUxIEJSVCIsInJlZ2lzdHJhdGlvbk51bWJlciI6IjAxIiwiY29tcGFueUlkIjoiUWEuQ29kZXJzIiwiX2lkIjoiNjUzMzEwZjMyM2NhYTc0ZWE0YzZhNzAyIn1dLCJfX3YiOjAsImlhdCI6MTcyNTk5ODM0OCwiZXhwIjoxNzI2MDg0NzQ4fQ.KVkIdNdt2VOs8kwkH9AVZXq-TvJyHXf0Bdk5AUapa_Y 
 status=200, reason=OK 
 headers={'Server': 'nginx/1.18.0 (Ubuntu)', 'Date': 'Tue, 10 Sep 2024 19:59:08 GMT', 'Content-Type': 'application/json; charset=utf-8', 'Transfer-Encoding': 'chunked', 'Connection': 'keep-alive', 'X-Powered-By': 'Express', 'Access-Control-Allow-Origin': '*', 'Access-Control-Allow-Methods': 'GET, POST, OPTIONS, PUT, PATCH, DELETE', 'Access-Control-Allow-Headers': 'Origin, X-Requested-With, Content-Type, Accept, Authorization', 'ETag': 'W/"44-+ZXX1kbItEqRysXG0netwR/VlCw"', 'Content-Encoding': 'gzip'} 
 body={"msg":"Status do usuario atualizado com sucesso para status true."} 
 </msg>
<status status="PASS" starttime="20240910 16:57:53.894" endtime="20240910 16:57:53.992"/>
</kw>
<status status="PASS" starttime="20240910 16:57:53.178" endtime="20240910 16:57:53.992"/>
</kw>
<status status="PASS" starttime="20240910 16:57:53.177" endtime="20240910 16:57:53.993"/>
</test>
<doc>Pegar token</doc>
<status status="PASS" starttime="20240910 16:57:52.221" endtime="20240910 16:57:53.995"/>
</suite>
<statistics>
<total>
<stat pass="2" fail="0" skip="0">All Tests</stat>
</total>
<tag>
</tag>
<suite>
<stat pass="2" fail="0" skip="0" id="s1" name="Put">Put</stat>
</suite>
</statistics>
<errors>
</errors>
</robot>
